2018-04-05 14:47:46.840  INFO [-,,,] 11547 --- [           main] s.c.a.AnnotationConfigApplicationContext : Refreshing org.springframework.context.annotation.AnnotationConfigApplicationContext@73035e27: startup date [Thu Apr 05 14:47:46 IST 2018]; root of context hierarchy
2018-04-05 14:47:47.398  INFO [-,,,] 11547 --- [           main] f.a.AutowiredAnnotationBeanPostProcessor : JSR-330 'javax.inject.Inject' annotation found and supported for autowiring
2018-04-05 14:47:47.496  INFO [-,,,] 11547 --- [           main] trationDelegate$BeanPostProcessorChecker : Bean 'configurationPropertiesRebinderAutoConfiguration' of type [org.springframework.cloud.autoconfigure.ConfigurationPropertiesRebinderAutoConfiguration$$EnhancerBySpringCGLIB$$42177e62] is not eligible for getting processed by all BeanPostProcessors (for example: not eligible for auto-proxying)

  .   ____          _            __ _ _
 /\\ / ___'_ __ _ _(_)_ __  __ _ \ \ \ \
( ( )\___ | '_ | '_| | '_ \/ _` | \ \ \ \
 \\/  ___)| |_)| | | | | || (_| |  ) ) ) )
  '  |____| .__|_| |_|_| |_\__, | / / / /
 =========|_|==============|___/=/_/_/_/
 :: Spring Boot ::        (v2.0.0.RELEASE)

2018-04-05 14:47:47.965  INFO [naming-server-netflix-eureka,,,] 11547 --- [           main] c.c.c.ConfigServicePropertySourceLocator : Fetching config from server at: http://localhost:8888
2018-04-05 14:47:48.301  INFO [naming-server-netflix-eureka,,,] 11547 --- [           main] c.c.c.ConfigServicePropertySourceLocator : Located environment: name=naming-server-netflix-eureka, profiles=[default], label=null, version=6078befc9170641db3f3807699950239c4d38ede, state=null
2018-04-05 14:47:48.302  INFO [naming-server-netflix-eureka,,,] 11547 --- [           main] b.c.PropertySourceBootstrapConfiguration : Located property source: CompositePropertySource {name='configService', propertySources=[MapPropertySource {name='configClient'}]}
2018-04-05 14:47:48.387  INFO [naming-server-netflix-eureka,,,] 11547 --- [           main] o.v.NamingServerNetflixEurekaApplication : No active profile set, falling back to default profiles: default
2018-04-05 14:47:48.424  INFO [naming-server-netflix-eureka,,,] 11547 --- [           main] ConfigServletWebServerApplicationContext : Refreshing org.springframework.boot.web.servlet.context.AnnotationConfigServletWebServerApplicationContext@59494225: startup date [Thu Apr 05 14:47:48 IST 2018]; parent: org.springframework.context.annotation.AnnotationConfigApplicationContext@73035e27
2018-04-05 14:47:49.922  INFO [naming-server-netflix-eureka,,,] 11547 --- [           main] o.s.i.config.IntegrationRegistrar        : No bean named 'integrationHeaderChannelRegistry' has been explicitly defined. Therefore, a default DefaultHeaderChannelRegistry will be created.
2018-04-05 14:47:50.002  INFO [naming-server-netflix-eureka,,,] 11547 --- [           main] o.s.b.f.s.DefaultListableBeanFactory     : Overriding bean definition for bean 'environmentWebEndpointExtension' with a different definition: replacing [Root bean: class [null]; scope=; abstract=false; lazyInit=false; autowireMode=3; dependencyCheck=0; autowireCandidate=true; primary=false; factoryBeanName=org.springframework.boot.actuate.autoconfigure.env.EnvironmentEndpointAutoConfiguration; factoryMethodName=environmentWebEndpointExtension; initMethodName=null; destroyMethodName=(inferred); defined in class path resource [org/springframework/boot/actuate/autoconfigure/env/EnvironmentEndpointAutoConfiguration.class]] with [Root bean: class [null]; scope=; abstract=false; lazyInit=false; autowireMode=3; dependencyCheck=0; autowireCandidate=true; primary=false; factoryBeanName=org.springframework.cloud.autoconfigure.LifecycleMvcEndpointAutoConfiguration$EndpointConfiguration; factoryMethodName=environmentWebEndpointExtension; initMethodName=null; destroyMethodName=(inferred); defined in class path resource [org/springframework/cloud/autoconfigure/LifecycleMvcEndpointAutoConfiguration$EndpointConfiguration.class]]
2018-04-05 14:47:50.013  INFO [naming-server-netflix-eureka,,,] 11547 --- [           main] a.ConfigurationClassBeanDefinitionReader : Skipping bean definition for [BeanMethod:name=configurableCompositeMessageConverter,declaringClass=org.springframework.cloud.stream.config.ContentTypeConfiguration]: a definition for bean 'integrationArgumentResolverMessageConverter' already exists. This top-level bean definition is considered as an override.
2018-04-05 14:47:51.294  INFO [naming-server-netflix-eureka,,,] 11547 --- [           main] o.s.cloud.context.scope.GenericScope     : BeanFactory id=58992ec9-3c77-376f-a11c-dbfad4a7b10c
2018-04-05 14:47:51.332  INFO [naming-server-netflix-eureka,,,] 11547 --- [           main] faultConfiguringBeanFactoryPostProcessor : No bean named 'errorChannel' has been explicitly defined. Therefore, a default PublishSubscribeChannel will be created.
2018-04-05 14:47:51.336  INFO [naming-server-netflix-eureka,,,] 11547 --- [           main] faultConfiguringBeanFactoryPostProcessor : No bean named 'taskScheduler' has been explicitly defined. Therefore, a default ThreadPoolTaskScheduler will be created.
2018-04-05 14:47:51.355  INFO [naming-server-netflix-eureka,,,] 11547 --- [           main] f.a.AutowiredAnnotationBeanPostProcessor : JSR-330 'javax.inject.Inject' annotation found and supported for autowiring
2018-04-05 14:47:51.452  INFO [naming-server-netflix-eureka,,,] 11547 --- [           main] trationDelegate$BeanPostProcessorChecker : Bean 'org.springframework.amqp.rabbit.annotation.RabbitBootstrapConfiguration' of type [org.springframework.amqp.rabbit.annotation.RabbitBootstrapConfiguration$$EnhancerBySpringCGLIB$$ec693993] is not eligible for getting processed by all BeanPostProcessors (for example: not eligible for auto-proxying)
2018-04-05 14:47:52.084  INFO [naming-server-netflix-eureka,,,] 11547 --- [           main] trationDelegate$BeanPostProcessorChecker : Bean 'org.springframework.integration.config.IntegrationManagementConfiguration' of type [org.springframework.integration.config.IntegrationManagementConfiguration$$EnhancerBySpringCGLIB$$90ef3694] is not eligible for getting processed by all BeanPostProcessors (for example: not eligible for auto-proxying)
2018-04-05 14:47:52.202  INFO [naming-server-netflix-eureka,,,] 11547 --- [           main] trationDelegate$BeanPostProcessorChecker : Bean 'org.springframework.cloud.autoconfigure.ConfigurationPropertiesRebinderAutoConfiguration' of type [org.springframework.cloud.autoconfigure.ConfigurationPropertiesRebinderAutoConfiguration$$EnhancerBySpringCGLIB$$42177e62] is not eligible for getting processed by all BeanPostProcessors (for example: not eligible for auto-proxying)
2018-04-05 14:47:53.093  INFO [naming-server-netflix-eureka,,,] 11547 --- [           main] o.s.b.w.embedded.tomcat.TomcatWebServer  : Tomcat initialized with port(s): 8761 (http)
2018-04-05 14:47:53.146  INFO [naming-server-netflix-eureka,,,] 11547 --- [           main] o.apache.catalina.core.StandardService   : Starting service [Tomcat]
2018-04-05 14:47:53.146  INFO [naming-server-netflix-eureka,,,] 11547 --- [           main] org.apache.catalina.core.StandardEngine  : Starting Servlet Engine: Apache Tomcat/8.5.28
2018-04-05 14:47:53.164  INFO [naming-server-netflix-eureka,,,] 11547 --- [ost-startStop-1] o.a.catalina.core.AprLifecycleListener   : The APR based Apache Tomcat Native library which allows optimal performance in production environments was not found on the java.library.path: [/Users/vishnugupta/Library/Java/Extensions:/Library/Java/Extensions:/Network/Library/Java/Extensions:/System/Library/Java/Extensions:/usr/lib/java:.]
2018-04-05 14:47:53.305  INFO [naming-server-netflix-eureka,,,] 11547 --- [ost-startStop-1] o.a.c.c.C.[Tomcat].[localhost].[/]       : Initializing Spring embedded WebApplicationContext
2018-04-05 14:47:53.305  INFO [naming-server-netflix-eureka,,,] 11547 --- [ost-startStop-1] o.s.web.context.ContextLoader            : Root WebApplicationContext: initialization completed in 4881 ms
2018-04-05 14:47:56.863  INFO [naming-server-netflix-eureka,,,] 11547 --- [ost-startStop-1] o.s.s.c.ThreadPoolTaskScheduler          : Initializing ExecutorService  'taskScheduler'
2018-04-05 14:47:57.684  INFO [naming-server-netflix-eureka,,,] 11547 --- [ost-startStop-1] o.s.b.w.servlet.FilterRegistrationBean   : Mapping filter: 'characterEncodingFilter' to: [/*]
2018-04-05 14:47:57.685  INFO [naming-server-netflix-eureka,,,] 11547 --- [ost-startStop-1] o.s.b.w.servlet.FilterRegistrationBean   : Mapping filter: 'tracingFilter' to: [/*]
2018-04-05 14:47:57.685  INFO [naming-server-netflix-eureka,,,] 11547 --- [ost-startStop-1] o.s.b.w.servlet.FilterRegistrationBean   : Mapping filter: 'exceptionLoggingFilter' to: [/*]
2018-04-05 14:47:57.686  INFO [naming-server-netflix-eureka,,,] 11547 --- [ost-startStop-1] o.s.b.w.servlet.FilterRegistrationBean   : Mapping filter: 'hiddenHttpMethodFilter' to: [/*]
2018-04-05 14:47:57.686  INFO [naming-server-netflix-eureka,,,] 11547 --- [ost-startStop-1] o.s.b.w.servlet.FilterRegistrationBean   : Mapping filter: 'httpPutFormContentFilter' to: [/*]
2018-04-05 14:47:57.687  INFO [naming-server-netflix-eureka,,,] 11547 --- [ost-startStop-1] o.s.b.w.servlet.FilterRegistrationBean   : Mapping filter: 'requestContextFilter' to: [/*]
2018-04-05 14:47:57.687  INFO [naming-server-netflix-eureka,,,] 11547 --- [ost-startStop-1] o.s.b.w.servlet.FilterRegistrationBean   : Mapping filter: 'httpTraceFilter' to: [/*]
2018-04-05 14:47:57.688  INFO [naming-server-netflix-eureka,,,] 11547 --- [ost-startStop-1] o.s.b.w.servlet.FilterRegistrationBean   : Mapping filter: 'webMvcMetricsFilter' to: [/*]
2018-04-05 14:47:57.688  INFO [naming-server-netflix-eureka,,,] 11547 --- [ost-startStop-1] o.s.b.w.servlet.FilterRegistrationBean   : Mapping filter: 'servletContainer' to urls: [/eureka/*]
2018-04-05 14:47:57.689  INFO [naming-server-netflix-eureka,,,] 11547 --- [ost-startStop-1] o.s.b.w.servlet.ServletRegistrationBean  : Servlet dispatcherServlet mapped to [/]
2018-04-05 14:47:57.872  INFO [naming-server-netflix-eureka,,,] 11547 --- [ost-startStop-1] c.s.j.s.i.a.WebApplicationImpl           : Initiating Jersey application, version 'Jersey: 1.19.1 03/11/2016 02:08 PM'
2018-04-05 14:47:58.059  INFO [naming-server-netflix-eureka,,,] 11547 --- [ost-startStop-1] c.n.d.provider.DiscoveryJerseyProvider   : Using JSON encoding codec LegacyJacksonJson
2018-04-05 14:47:58.062  INFO [naming-server-netflix-eureka,,,] 11547 --- [ost-startStop-1] c.n.d.provider.DiscoveryJerseyProvider   : Using JSON decoding codec LegacyJacksonJson
2018-04-05 14:47:58.316  INFO [naming-server-netflix-eureka,,,] 11547 --- [ost-startStop-1] c.n.d.provider.DiscoveryJerseyProvider   : Using XML encoding codec XStreamXml
2018-04-05 14:47:58.316  INFO [naming-server-netflix-eureka,,,] 11547 --- [ost-startStop-1] c.n.d.provider.DiscoveryJerseyProvider   : Using XML decoding codec XStreamXml
2018-04-05 14:47:58.886  WARN [naming-server-netflix-eureka,,,] 11547 --- [           main] c.n.c.sources.URLConfigurationSource     : No URLs will be polled as dynamic configuration sources.
2018-04-05 14:47:58.886  INFO [naming-server-netflix-eureka,,,] 11547 --- [           main] c.n.c.sources.URLConfigurationSource     : To enable URLs as dynamic configuration sources, define System property archaius.configurationSource.additionalUrls or make config.properties available on classpath.
2018-04-05 14:47:58.898  WARN [naming-server-netflix-eureka,,,] 11547 --- [           main] c.n.c.sources.URLConfigurationSource     : No URLs will be polled as dynamic configuration sources.
2018-04-05 14:47:58.898  INFO [naming-server-netflix-eureka,,,] 11547 --- [           main] c.n.c.sources.URLConfigurationSource     : To enable URLs as dynamic configuration sources, define System property archaius.configurationSource.additionalUrls or make config.properties available on classpath.
2018-04-05 14:47:59.419  INFO [naming-server-netflix-eureka,,,] 11547 --- [           main] s.w.s.m.m.a.RequestMappingHandlerAdapter : Looking for @ControllerAdvice: org.springframework.boot.web.servlet.context.AnnotationConfigServletWebServerApplicationContext@59494225: startup date [Thu Apr 05 14:47:48 IST 2018]; parent: org.springframework.context.annotation.AnnotationConfigApplicationContext@73035e27
2018-04-05 14:47:59.609  INFO [naming-server-netflix-eureka,,,] 11547 --- [           main] s.w.s.m.m.a.RequestMappingHandlerMapping : Mapped "{[/error]}" onto public org.springframework.http.ResponseEntity<java.util.Map<java.lang.String, java.lang.Object>> org.springframework.boot.autoconfigure.web.servlet.error.BasicErrorController.error(javax.servlet.http.HttpServletRequest)
2018-04-05 14:47:59.611  INFO [naming-server-netflix-eureka,,,] 11547 --- [           main] s.w.s.m.m.a.RequestMappingHandlerMapping : Mapped "{[/error],produces=[text/html]}" onto public org.springframework.web.servlet.ModelAndView org.springframework.boot.autoconfigure.web.servlet.error.BasicErrorController.errorHtml(javax.servlet.http.HttpServletRequest,javax.servlet.http.HttpServletResponse)
2018-04-05 14:47:59.618  INFO [naming-server-netflix-eureka,,,] 11547 --- [           main] s.w.s.m.m.a.RequestMappingHandlerMapping : Mapped "{[/],methods=[GET]}" onto public java.lang.String org.springframework.cloud.netflix.eureka.server.EurekaController.status(javax.servlet.http.HttpServletRequest,java.util.Map<java.lang.String, java.lang.Object>)
2018-04-05 14:47:59.619  INFO [naming-server-netflix-eureka,,,] 11547 --- [           main] s.w.s.m.m.a.RequestMappingHandlerMapping : Mapped "{[/lastn],methods=[GET]}" onto public java.lang.String org.springframework.cloud.netflix.eureka.server.EurekaController.lastn(javax.servlet.http.HttpServletRequest,java.util.Map<java.lang.String, java.lang.Object>)
2018-04-05 14:47:59.794  INFO [naming-server-netflix-eureka,,,] 11547 --- [           main] o.s.w.s.handler.SimpleUrlHandlerMapping  : Mapped URL path [/webjars/**] onto handler of type [class org.springframework.web.servlet.resource.ResourceHttpRequestHandler]
2018-04-05 14:47:59.794  INFO [naming-server-netflix-eureka,,,] 11547 --- [           main] o.s.w.s.handler.SimpleUrlHandlerMapping  : Mapped URL path [/**] onto handler of type [class org.springframework.web.servlet.resource.ResourceHttpRequestHandler]
2018-04-05 14:47:59.932  INFO [naming-server-netflix-eureka,,,] 11547 --- [           main] o.s.w.s.handler.SimpleUrlHandlerMapping  : Mapped URL path [/**/favicon.ico] onto handler of type [class org.springframework.web.servlet.resource.ResourceHttpRequestHandler]
2018-04-05 14:48:01.633  INFO [naming-server-netflix-eureka,,,] 11547 --- [           main] o.s.ui.freemarker.SpringTemplateLoader   : SpringTemplateLoader for FreeMarker: using resource loader [org.springframework.boot.web.servlet.context.AnnotationConfigServletWebServerApplicationContext@59494225: startup date [Thu Apr 05 14:47:48 IST 2018]; parent: org.springframework.context.annotation.AnnotationConfigApplicationContext@73035e27] and template loader path [classpath:/templates/]
2018-04-05 14:48:01.634  INFO [naming-server-netflix-eureka,,,] 11547 --- [           main] o.s.w.s.v.f.FreeMarkerConfigurer         : ClassTemplateLoader for Spring macros added to FreeMarker configuration
2018-04-05 14:48:02.795  INFO [naming-server-netflix-eureka,,,] 11547 --- [           main] o.s.c.n.eureka.InstanceInfoFactory       : Setting initial instance status as: STARTING
2018-04-05 14:48:02.868  INFO [naming-server-netflix-eureka,,,] 11547 --- [           main] com.netflix.discovery.DiscoveryClient    : Initializing Eureka in region us-east-1
2018-04-05 14:48:02.869  INFO [naming-server-netflix-eureka,,,] 11547 --- [           main] com.netflix.discovery.DiscoveryClient    : Client configured to neither register nor query for data.
2018-04-05 14:48:02.885  INFO [naming-server-netflix-eureka,,,] 11547 --- [           main] com.netflix.discovery.DiscoveryClient    : Discovery Client initialized at timestamp 1522919882884 with initial instances count: 0
2018-04-05 14:48:03.026  INFO [naming-server-netflix-eureka,,,] 11547 --- [           main] c.n.eureka.DefaultEurekaServerContext    : Initializing ...
2018-04-05 14:48:03.029  INFO [naming-server-netflix-eureka,,,] 11547 --- [           main] c.n.eureka.cluster.PeerEurekaNodes       : Adding new peer nodes [http://localhost:8761/eureka/]
2018-04-05 14:48:03.378  INFO [naming-server-netflix-eureka,,,] 11547 --- [           main] c.n.d.provider.DiscoveryJerseyProvider   : Using JSON encoding codec LegacyJacksonJson
2018-04-05 14:48:03.379  INFO [naming-server-netflix-eureka,,,] 11547 --- [           main] c.n.d.provider.DiscoveryJerseyProvider   : Using JSON decoding codec LegacyJacksonJson
2018-04-05 14:48:03.379  INFO [naming-server-netflix-eureka,,,] 11547 --- [           main] c.n.d.provider.DiscoveryJerseyProvider   : Using XML encoding codec XStreamXml
2018-04-05 14:48:03.380  INFO [naming-server-netflix-eureka,,,] 11547 --- [           main] c.n.d.provider.DiscoveryJerseyProvider   : Using XML decoding codec XStreamXml
2018-04-05 14:48:03.561  INFO [naming-server-netflix-eureka,,,] 11547 --- [           main] c.n.eureka.cluster.PeerEurekaNodes       : Replica node URL:  http://localhost:8761/eureka/
2018-04-05 14:48:03.573  INFO [naming-server-netflix-eureka,,,] 11547 --- [           main] c.n.e.registry.AbstractInstanceRegistry  : Finished initializing remote region registries. All known remote regions: []
2018-04-05 14:48:03.575  INFO [naming-server-netflix-eureka,,,] 11547 --- [           main] c.n.eureka.DefaultEurekaServerContext    : Initialized
2018-04-05 14:48:03.890  INFO [naming-server-netflix-eureka,,,] 11547 --- [           main] s.b.a.e.w.s.WebMvcEndpointHandlerMapping : Mapped "{[/actuator/health],methods=[GET],produces=[application/vnd.spring-boot.actuator.v2+json || application/json]}" onto public java.lang.Object org.springframework.boot.actuate.endpoint.web.servlet.AbstractWebMvcEndpointHandlerMapping$OperationHandler.handle(javax.servlet.http.HttpServletRequest,java.util.Map<java.lang.String, java.lang.String>)
2018-04-05 14:48:03.891  INFO [naming-server-netflix-eureka,,,] 11547 --- [           main] s.b.a.e.w.s.WebMvcEndpointHandlerMapping : Mapped "{[/actuator/info],methods=[GET],produces=[application/vnd.spring-boot.actuator.v2+json || application/json]}" onto public java.lang.Object org.springframework.boot.actuate.endpoint.web.servlet.AbstractWebMvcEndpointHandlerMapping$OperationHandler.handle(javax.servlet.http.HttpServletRequest,java.util.Map<java.lang.String, java.lang.String>)
2018-04-05 14:48:03.893  INFO [naming-server-netflix-eureka,,,] 11547 --- [           main] s.b.a.e.w.s.WebMvcEndpointHandlerMapping : Mapped "{[/actuator],methods=[GET],produces=[application/vnd.spring-boot.actuator.v2+json || application/json]}" onto protected java.util.Map<java.lang.String, java.util.Map<java.lang.String, org.springframework.boot.actuate.endpoint.web.Link>> org.springframework.boot.actuate.endpoint.web.servlet.WebMvcEndpointHandlerMapping.links(javax.servlet.http.HttpServletRequest,javax.servlet.http.HttpServletResponse)
2018-04-05 14:48:04.308  INFO [naming-server-netflix-eureka,,,] 11547 --- [           main] o.s.j.e.a.AnnotationMBeanExporter        : Registering beans for JMX exposure on startup
2018-04-05 14:48:04.322  INFO [naming-server-netflix-eureka,,,] 11547 --- [           main] o.s.j.e.a.AnnotationMBeanExporter        : Bean with name 'rabbitConnectionFactory' has been autodetected for JMX exposure
2018-04-05 14:48:04.324  INFO [naming-server-netflix-eureka,,,] 11547 --- [           main] o.s.j.e.a.AnnotationMBeanExporter        : Bean with name 'integrationMbeanExporter' has been autodetected for JMX exposure
2018-04-05 14:48:04.326  INFO [naming-server-netflix-eureka,,,] 11547 --- [           main] o.s.j.e.a.AnnotationMBeanExporter        : Bean with name 'configurationPropertiesRebinder' has been autodetected for JMX exposure
2018-04-05 14:48:04.327  INFO [naming-server-netflix-eureka,,,] 11547 --- [           main] o.s.j.e.a.AnnotationMBeanExporter        : Bean with name 'environmentManager' has been autodetected for JMX exposure
2018-04-05 14:48:04.330  INFO [naming-server-netflix-eureka,,,] 11547 --- [           main] o.s.j.e.a.AnnotationMBeanExporter        : Bean with name 'refreshScope' has been autodetected for JMX exposure
2018-04-05 14:48:04.335  INFO [naming-server-netflix-eureka,,,] 11547 --- [           main] o.s.j.e.a.AnnotationMBeanExporter        : Located managed bean 'environmentManager': registering with JMX server as MBean [org.springframework.cloud.context.environment:name=environmentManager,type=EnvironmentManager]
2018-04-05 14:48:04.349  INFO [naming-server-netflix-eureka,,,] 11547 --- [           main] o.s.j.e.a.AnnotationMBeanExporter        : Located managed bean 'refreshScope': registering with JMX server as MBean [org.springframework.cloud.context.scope.refresh:name=refreshScope,type=RefreshScope]
2018-04-05 14:48:04.371  INFO [naming-server-netflix-eureka,,,] 11547 --- [           main] o.s.j.e.a.AnnotationMBeanExporter        : Located managed bean 'integrationMbeanExporter': registering with JMX server as MBean [org.springframework.integration.monitor:name=integrationMbeanExporter,type=IntegrationMBeanExporter]
2018-04-05 14:48:04.422  INFO [naming-server-netflix-eureka,,,] 11547 --- [           main] o.s.j.e.a.AnnotationMBeanExporter        : Located managed bean 'configurationPropertiesRebinder': registering with JMX server as MBean [org.springframework.cloud.context.properties:name=configurationPropertiesRebinder,context=59494225,type=ConfigurationPropertiesRebinder]
2018-04-05 14:48:04.437  INFO [naming-server-netflix-eureka,,,] 11547 --- [           main] o.s.j.e.a.AnnotationMBeanExporter        : Located managed bean 'rabbitConnectionFactory': registering with JMX server as MBean [org.springframework.amqp.rabbit.connection:name=rabbitConnectionFactory,type=CachingConnectionFactory]
2018-04-05 14:48:04.479  INFO [naming-server-netflix-eureka,,,] 11547 --- [           main] o.s.i.monitor.IntegrationMBeanExporter   : Registering beans for JMX exposure on startup
2018-04-05 14:48:04.480  INFO [naming-server-netflix-eureka,,,] 11547 --- [           main] o.s.i.monitor.IntegrationMBeanExporter   : Registering MessageChannel springCloudBusInput
2018-04-05 14:48:04.486  INFO [naming-server-netflix-eureka,,,] 11547 --- [           main] o.s.i.monitor.IntegrationMBeanExporter   : Located managed bean 'org.springframework.integration:type=MessageChannel,name=springCloudBusInput': registering with JMX server as MBean [org.springframework.integration:type=MessageChannel,name=springCloudBusInput]
2018-04-05 14:48:04.540  INFO [naming-server-netflix-eureka,,,] 11547 --- [           main] o.s.i.monitor.IntegrationMBeanExporter   : Registering MessageChannel nullChannel
2018-04-05 14:48:04.543  INFO [naming-server-netflix-eureka,,,] 11547 --- [           main] o.s.i.monitor.IntegrationMBeanExporter   : Located managed bean 'org.springframework.integration:type=MessageChannel,name=nullChannel': registering with JMX server as MBean [org.springframework.integration:type=MessageChannel,name=nullChannel]
2018-04-05 14:48:04.560  INFO [naming-server-netflix-eureka,,,] 11547 --- [           main] o.s.i.monitor.IntegrationMBeanExporter   : Registering MessageChannel errorChannel
2018-04-05 14:48:04.563  INFO [naming-server-netflix-eureka,,,] 11547 --- [           main] o.s.i.monitor.IntegrationMBeanExporter   : Located managed bean 'org.springframework.integration:type=MessageChannel,name=errorChannel': registering with JMX server as MBean [org.springframework.integration:type=MessageChannel,name=errorChannel]
2018-04-05 14:48:04.601  INFO [naming-server-netflix-eureka,,,] 11547 --- [           main] o.s.i.monitor.IntegrationMBeanExporter   : Registering MessageChannel springCloudBusOutput
2018-04-05 14:48:04.604  INFO [naming-server-netflix-eureka,,,] 11547 --- [           main] o.s.i.monitor.IntegrationMBeanExporter   : Located managed bean 'org.springframework.integration:type=MessageChannel,name=springCloudBusOutput': registering with JMX server as MBean [org.springframework.integration:type=MessageChannel,name=springCloudBusOutput]
2018-04-05 14:48:04.627  INFO [naming-server-netflix-eureka,,,] 11547 --- [           main] o.s.i.monitor.IntegrationMBeanExporter   : Registering MessageHandler errorLogger
2018-04-05 14:48:04.630  INFO [naming-server-netflix-eureka,,,] 11547 --- [           main] o.s.i.monitor.IntegrationMBeanExporter   : Located managed bean 'org.springframework.integration:type=MessageHandler,name=errorLogger,bean=internal': registering with JMX server as MBean [org.springframework.integration:type=MessageHandler,name=errorLogger,bean=internal]
2018-04-05 14:48:04.695  INFO [naming-server-netflix-eureka,,,] 11547 --- [           main] o.s.integration.channel.DirectChannel    : Channel 'application-1.springCloudBusInput' has 1 subscriber(s).
2018-04-05 14:48:04.704  INFO [naming-server-netflix-eureka,,,] 11547 --- [           main] o.s.c.support.DefaultLifecycleProcessor  : Starting beans in phase -2147482648
2018-04-05 14:48:04.793  INFO [naming-server-netflix-eureka,,,] 11547 --- [           main] c.c.c.ConfigServicePropertySourceLocator : Fetching config from server at: http://localhost:8888
2018-04-05 14:48:04.906  INFO [naming-server-netflix-eureka,,,] 11547 --- [           main] c.c.c.ConfigServicePropertySourceLocator : Located environment: name=naming-server-netflix-eureka, profiles=[default], label=null, version=6078befc9170641db3f3807699950239c4d38ede, state=null
2018-04-05 14:48:04.908  INFO [naming-server-netflix-eureka,,,] 11547 --- [           main] b.c.PropertySourceBootstrapConfiguration : Located property source: CompositePropertySource {name='configService', propertySources=[MapPropertySource {name='configClient'}]}
2018-04-05 14:48:04.957  INFO [naming-server-netflix-eureka,,,] 11547 --- [           main] s.c.a.AnnotationConfigApplicationContext : Refreshing org.springframework.context.annotation.AnnotationConfigApplicationContext@7fc44dec: startup date [Thu Apr 05 14:48:04 IST 2018]; parent: org.springframework.boot.web.servlet.context.AnnotationConfigServletWebServerApplicationContext@59494225
2018-04-05 14:48:05.038  INFO [naming-server-netflix-eureka,,,] 11547 --- [           main] f.a.AutowiredAnnotationBeanPostProcessor : JSR-330 'javax.inject.Inject' annotation found and supported for autowiring
2018-04-05 14:48:05.162  INFO [naming-server-netflix-eureka,,,] 11547 --- [           main] o.s.c.support.GenericApplicationContext  : Refreshing org.springframework.context.support.GenericApplicationContext@346a361: startup date [Thu Apr 05 14:48:05 IST 2018]; root of context hierarchy
2018-04-05 14:48:05.452  INFO [naming-server-netflix-eureka,,,] 11547 --- [           main] o.s.a.r.c.CachingConnectionFactory       : Attempting to connect to: [localhost:5672]
2018-04-05 14:48:05.601  INFO [naming-server-netflix-eureka,,,] 11547 --- [           main] o.s.a.r.c.CachingConnectionFactory       : Created new connection: rabbitConnectionFactory#4a3936ae:0/SimpleConnection@625e134e [delegate=amqp://guest@127.0.0.1:5672/, localPort= 52741]
2018-04-05 14:48:05.689  INFO [naming-server-netflix-eureka,,,] 11547 --- [           main] o.s.integration.channel.DirectChannel    : Channel 'application-1.springCloudBusOutput' has 1 subscriber(s).
2018-04-05 14:48:05.693  INFO [naming-server-netflix-eureka,,,] 11547 --- [           main] o.s.c.support.DefaultLifecycleProcessor  : Starting beans in phase 0
2018-04-05 14:48:05.694  INFO [naming-server-netflix-eureka,,,] 11547 --- [           main] o.s.c.n.e.s.EurekaServiceRegistry        : Registering application naming-server-netflix-eureka with eureka with status UP
2018-04-05 14:48:05.701  INFO [naming-server-netflix-eureka,,,] 11547 --- [           main] o.s.i.endpoint.EventDrivenConsumer       : Adding {logging-channel-adapter:_org.springframework.integration.errorLogger} as a subscriber to the 'errorChannel' channel
2018-04-05 14:48:05.701  INFO [naming-server-netflix-eureka,,,] 11547 --- [      Thread-14] o.s.c.n.e.server.EurekaServerBootstrap   : Setting the eureka configuration..
2018-04-05 14:48:05.702  INFO [naming-server-netflix-eureka,,,] 11547 --- [           main] o.s.i.channel.PublishSubscribeChannel    : Channel 'application-1.errorChannel' has 1 subscriber(s).
2018-04-05 14:48:05.702  INFO [naming-server-netflix-eureka,,,] 11547 --- [      Thread-14] o.s.c.n.e.server.EurekaServerBootstrap   : Eureka data center value eureka.datacenter is not set, defaulting to default
2018-04-05 14:48:05.702  INFO [naming-server-netflix-eureka,,,] 11547 --- [           main] o.s.i.endpoint.EventDrivenConsumer       : started _org.springframework.integration.errorLogger
2018-04-05 14:48:05.702  INFO [naming-server-netflix-eureka,,,] 11547 --- [           main] o.s.c.support.DefaultLifecycleProcessor  : Starting beans in phase 2147482647
2018-04-05 14:48:05.703  INFO [naming-server-netflix-eureka,,,] 11547 --- [      Thread-14] o.s.c.n.e.server.EurekaServerBootstrap   : Eureka environment value eureka.environment is not set, defaulting to test
2018-04-05 14:48:05.728  INFO [naming-server-netflix-eureka,,,] 11547 --- [      Thread-14] o.s.c.n.e.server.EurekaServerBootstrap   : isAws returned false
2018-04-05 14:48:05.729  INFO [naming-server-netflix-eureka,,,] 11547 --- [      Thread-14] o.s.c.n.e.server.EurekaServerBootstrap   : Initialized server context
2018-04-05 14:48:05.730  INFO [naming-server-netflix-eureka,,,] 11547 --- [      Thread-14] c.n.e.r.PeerAwareInstanceRegistryImpl    : Got 1 instances from neighboring DS node
2018-04-05 14:48:05.730  INFO [naming-server-netflix-eureka,,,] 11547 --- [      Thread-14] c.n.e.r.PeerAwareInstanceRegistryImpl    : Renew threshold is: 1
2018-04-05 14:48:05.730  INFO [naming-server-netflix-eureka,,,] 11547 --- [      Thread-14] c.n.e.r.PeerAwareInstanceRegistryImpl    : Changing status to UP
2018-04-05 14:48:05.747  INFO [naming-server-netflix-eureka,,,] 11547 --- [      Thread-14] e.s.EurekaServerInitializerConfiguration : Started Eureka Server
2018-04-05 14:48:05.750  INFO [naming-server-netflix-eureka,,,] 11547 --- [           main] c.s.b.r.p.RabbitExchangeQueueProvisioner : declaring queue for inbound: springCloudBus.anonymous.Gg-69yKrQLSeT8sUyYHcSg, bound to: springCloudBus
2018-04-05 14:48:05.804  INFO [naming-server-netflix-eureka,,,] 11547 --- [           main] o.s.c.stream.binder.BinderErrorChannel   : Channel 'application-1-1.springCloudBus.anonymous.Gg-69yKrQLSeT8sUyYHcSg.errors' has 1 subscriber(s).
2018-04-05 14:48:05.806  INFO [naming-server-netflix-eureka,,,] 11547 --- [           main] o.s.c.stream.binder.BinderErrorChannel   : Channel 'application-1-1.springCloudBus.anonymous.Gg-69yKrQLSeT8sUyYHcSg.errors' has 2 subscriber(s).
2018-04-05 14:48:05.868  INFO [naming-server-netflix-eureka,,,] 11547 --- [           main] o.s.i.a.i.AmqpInboundChannelAdapter      : started inbound.springCloudBus.anonymous.Gg-69yKrQLSeT8sUyYHcSg
2018-04-05 14:48:05.871  INFO [naming-server-netflix-eureka,,,] 11547 --- [           main] o.s.c.support.DefaultLifecycleProcessor  : Starting beans in phase 2147483647
2018-04-05 14:48:06.018  INFO [naming-server-netflix-eureka,,,] 11547 --- [           main] o.s.b.w.embedded.tomcat.TomcatWebServer  : Tomcat started on port(s): 8761 (http) with context path ''
2018-04-05 14:48:06.021  INFO [naming-server-netflix-eureka,,,] 11547 --- [           main] .s.c.n.e.s.EurekaAutoServiceRegistration : Updating port to 8761
2018-04-05 14:48:06.026  INFO [naming-server-netflix-eureka,,,] 11547 --- [           main] o.v.NamingServerNetflixEurekaApplication : Started NamingServerNetflixEurekaApplication in 20.49 seconds (JVM running for 21.359)
2018-04-05 14:49:00.827  INFO [naming-server-netflix-eureka,,,] 11547 --- [nio-8761-exec-1] o.a.c.c.C.[Tomcat].[localhost].[/]       : Initializing Spring FrameworkServlet 'dispatcherServlet'
2018-04-05 14:49:00.827  INFO [naming-server-netflix-eureka,,,] 11547 --- [nio-8761-exec-1] o.s.web.servlet.DispatcherServlet        : FrameworkServlet 'dispatcherServlet': initialization started
2018-04-05 14:49:00.903  INFO [naming-server-netflix-eureka,,,] 11547 --- [nio-8761-exec-1] o.s.web.servlet.DispatcherServlet        : FrameworkServlet 'dispatcherServlet': initialization completed in 75 ms
2018-04-05 14:49:04.303  WARN [naming-server-netflix-eureka,23a2f697ac47d030,23a2f697ac47d030,true] 11547 --- [nio-8761-exec-2] c.n.e.registry.AbstractInstanceRegistry  : DS: Registry: cancel failed because Lease is not registered for: CURRENCY-EXCHANGE-SERVICE/10.1.16.123:currency-exchange-service:-1
2018-04-05 14:49:04.303  INFO [naming-server-netflix-eureka,23a2f697ac47d030,23a2f697ac47d030,true] 11547 --- [nio-8761-exec-2] c.n.eureka.resources.InstanceResource    : Not Found (Cancel): CURRENCY-EXCHANGE-SERVICE - 10.1.16.123:currency-exchange-service:-1
2018-04-05 14:49:05.737  INFO [naming-server-netflix-eureka,,,] 11547 --- [a-EvictionTimer] c.n.e.registry.AbstractInstanceRegistry  : Running the evict task with compensationTime 0ms
2018-04-05 14:49:58.138  INFO [naming-server-netflix-eureka,62a01f8273795b14,62a01f8273795b14,true] 11547 --- [nio-8761-exec-5] c.n.e.registry.AbstractInstanceRegistry  : Registered instance CURRENCY-EXCHANGE-SERVICE/10.1.16.123:currency-exchange-service:8000 with status UP (replication=false)
2018-04-05 14:49:58.897  INFO [naming-server-netflix-eureka,749f2da5f3b3bd1e,749f2da5f3b3bd1e,true] 11547 --- [nio-8761-exec-6] c.n.e.registry.AbstractInstanceRegistry  : Registered instance CURRENCY-EXCHANGE-SERVICE/10.1.16.123:currency-exchange-service:8000 with status UP (replication=true)
2018-04-05 14:50:05.743  INFO [naming-server-netflix-eureka,,,] 11547 --- [a-EvictionTimer] c.n.e.registry.AbstractInstanceRegistry  : Running the evict task with compensationTime 4ms
2018-04-05 14:50:51.151  INFO [naming-server-netflix-eureka,79038395dad26ccf,79038395dad26ccf,true] 11547 --- [nio-8761-exec-2] c.n.e.registry.AbstractInstanceRegistry  : Registered instance API-GATEWAY-SERVER/10.1.16.123:api-gateway-server:-1 with status DOWN (replication=false)
2018-04-05 14:50:51.661  INFO [naming-server-netflix-eureka,9d2d10f1a8a94589,9d2d10f1a8a94589,true] 11547 --- [nio-8761-exec-3] c.n.e.registry.AbstractInstanceRegistry  : Registered instance API-GATEWAY-SERVER/10.1.16.123:api-gateway-server:-1 with status DOWN (replication=true)
2018-04-05 14:50:54.816  INFO [naming-server-netflix-eureka,58b2448ee2288702,58b2448ee2288702,true] 11547 --- [nio-8761-exec-4] c.n.e.registry.AbstractInstanceRegistry  : Cancelled instance API-GATEWAY-SERVER/10.1.16.123:api-gateway-server:-1 (replication=false)
2018-04-05 14:50:55.327  WARN [naming-server-netflix-eureka,dcc53f445aa9ce67,dcc53f445aa9ce67,true] 11547 --- [nio-8761-exec-6] c.n.e.registry.AbstractInstanceRegistry  : DS: Registry: cancel failed because Lease is not registered for: API-GATEWAY-SERVER/10.1.16.123:api-gateway-server:-1
2018-04-05 14:50:55.327  INFO [naming-server-netflix-eureka,dcc53f445aa9ce67,dcc53f445aa9ce67,true] 11547 --- [nio-8761-exec-6] c.n.eureka.resources.InstanceResource    : Not Found (Cancel): API-GATEWAY-SERVER - 10.1.16.123:api-gateway-server:-1
2018-04-05 14:50:55.329  WARN [naming-server-netflix-eureka,,,] 11547 --- [et_localhost-10] c.n.eureka.cluster.ReplicationTask       : The replication of task API-GATEWAY-SERVER/10.1.16.123:api-gateway-server:-1:Cancel@localhost failed with response code 404
2018-04-05 14:50:55.329  WARN [naming-server-netflix-eureka,,,] 11547 --- [et_localhost-10] c.netflix.eureka.cluster.PeerEurekaNode  : API-GATEWAY-SERVER/10.1.16.123:api-gateway-server:-1:Cancel@localhost: missing entry.
2018-04-05 14:51:05.747  INFO [naming-server-netflix-eureka,,,] 11547 --- [a-EvictionTimer] c.n.e.registry.AbstractInstanceRegistry  : Running the evict task with compensationTime 1ms
2018-04-05 14:51:57.909  INFO [naming-server-netflix-eureka,98e1be6bc50617d1,98e1be6bc50617d1,true] 11547 --- [nio-8761-exec-7] c.n.e.registry.AbstractInstanceRegistry  : Registered instance API-GATEWAY-SERVER/10.1.16.123:api-gateway-server:8675 with status UP (replication=false)
2018-04-05 14:51:58.427  INFO [naming-server-netflix-eureka,22b01ac67c1745a5,22b01ac67c1745a5,true] 11547 --- [nio-8761-exec-1] c.n.e.registry.AbstractInstanceRegistry  : Registered instance API-GATEWAY-SERVER/10.1.16.123:api-gateway-server:8675 with status UP (replication=true)
2018-04-05 14:52:05.754  INFO [naming-server-netflix-eureka,,,] 11547 --- [a-EvictionTimer] c.n.e.registry.AbstractInstanceRegistry  : Running the evict task with compensationTime 5ms
2018-04-05 14:53:05.756  INFO [naming-server-netflix-eureka,,,] 11547 --- [a-EvictionTimer] c.n.e.registry.AbstractInstanceRegistry  : Running the evict task with compensationTime 0ms
2018-04-05 14:53:16.519  INFO [naming-server-netflix-eureka,2b5e31b693944a64,2b5e31b693944a64,true] 11547 --- [io-8761-exec-10] c.n.e.registry.AbstractInstanceRegistry  : Registered instance CURRENCY-CONVERSION-SERVICE/10.1.16.123:currency-conversion-service:8100 with status UP (replication=false)
2018-04-05 14:53:17.039  INFO [naming-server-netflix-eureka,6c99c5c6fd2435d8,6c99c5c6fd2435d8,true] 11547 --- [nio-8761-exec-1] c.n.e.registry.AbstractInstanceRegistry  : Registered instance CURRENCY-CONVERSION-SERVICE/10.1.16.123:currency-conversion-service:8100 with status UP (replication=true)
2018-04-05 14:54:05.762  INFO [naming-server-netflix-eureka,,,] 11547 --- [a-EvictionTimer] c.n.e.registry.AbstractInstanceRegistry  : Running the evict task with compensationTime 3ms
2018-04-05 14:55:05.766  INFO [naming-server-netflix-eureka,,,] 11547 --- [a-EvictionTimer] c.n.e.registry.AbstractInstanceRegistry  : Running the evict task with compensationTime 2ms
2018-04-05 14:56:05.770  INFO [naming-server-netflix-eureka,,,] 11547 --- [a-EvictionTimer] c.n.e.registry.AbstractInstanceRegistry  : Running the evict task with compensationTime 1ms
2018-04-05 14:57:05.773  INFO [naming-server-netflix-eureka,,,] 11547 --- [a-EvictionTimer] c.n.e.registry.AbstractInstanceRegistry  : Running the evict task with compensationTime 0ms
2018-04-05 14:58:05.777  INFO [naming-server-netflix-eureka,,,] 11547 --- [a-EvictionTimer] c.n.e.registry.AbstractInstanceRegistry  : Running the evict task with compensationTime 2ms
2018-04-05 14:59:05.779  INFO [naming-server-netflix-eureka,,,] 11547 --- [a-EvictionTimer] c.n.e.registry.AbstractInstanceRegistry  : Running the evict task with compensationTime 0ms
2018-04-05 15:00:05.782  INFO [naming-server-netflix-eureka,,,] 11547 --- [a-EvictionTimer] c.n.e.registry.AbstractInstanceRegistry  : Running the evict task with compensationTime 2ms
2018-04-05 15:01:05.786  INFO [naming-server-netflix-eureka,,,] 11547 --- [a-EvictionTimer] c.n.e.registry.AbstractInstanceRegistry  : Running the evict task with compensationTime 1ms
2018-04-05 15:02:05.792  INFO [naming-server-netflix-eureka,,,] 11547 --- [a-EvictionTimer] c.n.e.registry.AbstractInstanceRegistry  : Running the evict task with compensationTime 3ms
2018-04-05 15:03:03.607  INFO [naming-server-netflix-eureka,,,] 11547 --- [hresholdUpdater] c.n.e.r.PeerAwareInstanceRegistryImpl    : Current renewal threshold is : 6
2018-04-05 15:03:05.798  INFO [naming-server-netflix-eureka,,,] 11547 --- [a-EvictionTimer] c.n.e.registry.AbstractInstanceRegistry  : Running the evict task with compensationTime 4ms
2018-04-05 15:04:05.800  INFO [naming-server-netflix-eureka,,,] 11547 --- [a-EvictionTimer] c.n.e.registry.AbstractInstanceRegistry  : Running the evict task with compensationTime 0ms
2018-04-05 15:05:05.802  INFO [naming-server-netflix-eureka,,,] 11547 --- [a-EvictionTimer] c.n.e.registry.AbstractInstanceRegistry  : Running the evict task with compensationTime 0ms
2018-04-05 15:06:05.804  INFO [naming-server-netflix-eureka,,,] 11547 --- [a-EvictionTimer] c.n.e.registry.AbstractInstanceRegistry  : Running the evict task with compensationTime 0ms
2018-04-05 15:07:05.806  INFO [naming-server-netflix-eureka,,,] 11547 --- [a-EvictionTimer] c.n.e.registry.AbstractInstanceRegistry  : Running the evict task with compensationTime 0ms
2018-04-05 15:08:05.808  INFO [naming-server-netflix-eureka,,,] 11547 --- [a-EvictionTimer] c.n.e.registry.AbstractInstanceRegistry  : Running the evict task with compensationTime 0ms
2018-04-05 15:09:05.815  INFO [naming-server-netflix-eureka,,,] 11547 --- [a-EvictionTimer] c.n.e.registry.AbstractInstanceRegistry  : Running the evict task with compensationTime 5ms
2018-04-05 15:10:05.817  INFO [naming-server-netflix-eureka,,,] 11547 --- [a-EvictionTimer] c.n.e.registry.AbstractInstanceRegistry  : Running the evict task with compensationTime 0ms
2018-04-05 15:11:05.820  INFO [naming-server-netflix-eureka,,,] 11547 --- [a-EvictionTimer] c.n.e.registry.AbstractInstanceRegistry  : Running the evict task with compensationTime 1ms
2018-04-05 15:12:05.831  INFO [naming-server-netflix-eureka,,,] 11547 --- [a-EvictionTimer] c.n.e.registry.AbstractInstanceRegistry  : Running the evict task with compensationTime 5ms
2018-04-05 16:55:04.862  INFO [naming-server-netflix-eureka,,,] 11547 --- [a-EvictionTimer] c.n.e.registry.AbstractInstanceRegistry  : Running the evict task with compensationTime 5ms
2018-04-05 16:56:04.864  INFO [naming-server-netflix-eureka,,,] 11547 --- [a-EvictionTimer] c.n.e.registry.AbstractInstanceRegistry  : Running the evict task with compensationTime 1ms
2018-04-05 16:57:04.871  INFO [naming-server-netflix-eureka,,,] 11547 --- [a-EvictionTimer] c.n.e.registry.AbstractInstanceRegistry  : Running the evict task with compensationTime 4ms
2018-04-05 16:58:04.875  INFO [naming-server-netflix-eureka,,,] 11547 --- [a-EvictionTimer] c.n.e.registry.AbstractInstanceRegistry  : Running the evict task with compensationTime 2ms
2018-04-05 16:59:04.880  INFO [naming-server-netflix-eureka,,,] 11547 --- [a-EvictionTimer] c.n.e.registry.AbstractInstanceRegistry  : Running the evict task with compensationTime 3ms
2018-04-05 17:00:02.663  INFO [naming-server-netflix-eureka,,,] 11547 --- [hresholdUpdater] c.n.e.r.PeerAwareInstanceRegistryImpl    : Current renewal threshold is : 6
2018-04-05 17:00:04.882  INFO [naming-server-netflix-eureka,,,] 11547 --- [a-EvictionTimer] c.n.e.registry.AbstractInstanceRegistry  : Running the evict task with compensationTime 0ms
2018-04-05 17:01:04.889  INFO [naming-server-netflix-eureka,,,] 11547 --- [a-EvictionTimer] c.n.e.registry.AbstractInstanceRegistry  : Running the evict task with compensationTime 5ms
2018-04-05 17:02:04.892  INFO [naming-server-netflix-eureka,,,] 11547 --- [a-EvictionTimer] c.n.e.registry.AbstractInstanceRegistry  : Running the evict task with compensationTime 1ms
2018-04-05 17:03:04.894  INFO [naming-server-netflix-eureka,,,] 11547 --- [a-EvictionTimer] c.n.e.registry.AbstractInstanceRegistry  : Running the evict task with compensationTime 0ms
2018-04-05 17:04:04.896  INFO [naming-server-netflix-eureka,,,] 11547 --- [a-EvictionTimer] c.n.e.registry.AbstractInstanceRegistry  : Running the evict task with compensationTime 0ms
2018-04-05 17:05:04.901  INFO [naming-server-netflix-eureka,,,] 11547 --- [a-EvictionTimer] c.n.e.registry.AbstractInstanceRegistry  : Running the evict task with compensationTime 3ms
2018-04-05 17:06:04.904  INFO [naming-server-netflix-eureka,,,] 11547 --- [a-EvictionTimer] c.n.e.registry.AbstractInstanceRegistry  : Running the evict task with compensationTime 0ms
2018-04-05 17:07:04.908  INFO [naming-server-netflix-eureka,,,] 11547 --- [a-EvictionTimer] c.n.e.registry.AbstractInstanceRegistry  : Running the evict task with compensationTime 2ms
2018-04-05 17:08:04.912  INFO [naming-server-netflix-eureka,,,] 11547 --- [a-EvictionTimer] c.n.e.registry.AbstractInstanceRegistry  : Running the evict task with compensationTime 2ms
2018-04-05 17:09:04.917  INFO [naming-server-netflix-eureka,,,] 11547 --- [a-EvictionTimer] c.n.e.registry.AbstractInstanceRegistry  : Running the evict task with compensationTime 3ms
2018-04-05 17:10:04.937  INFO [naming-server-netflix-eureka,,,] 11547 --- [a-EvictionTimer] c.n.e.registry.AbstractInstanceRegistry  : Running the evict task with compensationTime 2ms
2018-04-05 17:11:04.942  INFO [naming-server-netflix-eureka,,,] 11547 --- [a-EvictionTimer] c.n.e.registry.AbstractInstanceRegistry  : Running the evict task with compensationTime 0ms
2018-04-05 17:12:04.947  INFO [naming-server-netflix-eureka,,,] 11547 --- [a-EvictionTimer] c.n.e.registry.AbstractInstanceRegistry  : Running the evict task with compensationTime 2ms
2018-04-05 17:13:04.952  INFO [naming-server-netflix-eureka,,,] 11547 --- [a-EvictionTimer] c.n.e.registry.AbstractInstanceRegistry  : Running the evict task with compensationTime 3ms
2018-04-05 17:14:04.954  INFO [naming-server-netflix-eureka,,,] 11547 --- [a-EvictionTimer] c.n.e.registry.AbstractInstanceRegistry  : Running the evict task with compensationTime 0ms
2018-04-05 17:15:02.711  INFO [naming-server-netflix-eureka,,,] 11547 --- [hresholdUpdater] c.n.e.r.PeerAwareInstanceRegistryImpl    : Current renewal threshold is : 6
2018-04-05 17:15:04.960  INFO [naming-server-netflix-eureka,,,] 11547 --- [a-EvictionTimer] c.n.e.registry.AbstractInstanceRegistry  : Running the evict task with compensationTime 4ms
2018-04-05 17:16:04.962  INFO [naming-server-netflix-eureka,,,] 11547 --- [a-EvictionTimer] c.n.e.registry.AbstractInstanceRegistry  : Running the evict task with compensationTime 0ms
2018-04-05 17:17:04.966  INFO [naming-server-netflix-eureka,,,] 11547 --- [a-EvictionTimer] c.n.e.registry.AbstractInstanceRegistry  : Running the evict task with compensationTime 2ms
2018-04-05 17:18:04.970  INFO [naming-server-netflix-eureka,,,] 11547 --- [a-EvictionTimer] c.n.e.registry.AbstractInstanceRegistry  : Running the evict task with compensationTime 1ms
2018-04-05 17:19:04.974  INFO [naming-server-netflix-eureka,,,] 11547 --- [a-EvictionTimer] c.n.e.registry.AbstractInstanceRegistry  : Running the evict task with compensationTime 2ms
2018-04-05 17:20:04.981  INFO [naming-server-netflix-eureka,,,] 11547 --- [a-EvictionTimer] c.n.e.registry.AbstractInstanceRegistry  : Running the evict task with compensationTime 5ms
2018-04-05 17:21:04.987  INFO [naming-server-netflix-eureka,,,] 11547 --- [a-EvictionTimer] c.n.e.registry.AbstractInstanceRegistry  : Running the evict task with compensationTime 4ms
2018-04-05 17:22:04.990  INFO [naming-server-netflix-eureka,,,] 11547 --- [a-EvictionTimer] c.n.e.registry.AbstractInstanceRegistry  : Running the evict task with compensationTime 1ms
2018-04-05 17:23:04.997  INFO [naming-server-netflix-eureka,,,] 11547 --- [a-EvictionTimer] c.n.e.registry.AbstractInstanceRegistry  : Running the evict task with compensationTime 4ms
2018-04-05 17:24:05.005  INFO [naming-server-netflix-eureka,,,] 11547 --- [a-EvictionTimer] c.n.e.registry.AbstractInstanceRegistry  : Running the evict task with compensationTime 5ms
2018-04-05 17:25:05.009  INFO [naming-server-netflix-eureka,,,] 11547 --- [a-EvictionTimer] c.n.e.registry.AbstractInstanceRegistry  : Running the evict task with compensationTime 2ms
2018-04-05 17:26:05.013  INFO [naming-server-netflix-eureka,,,] 11547 --- [a-EvictionTimer] c.n.e.registry.AbstractInstanceRegistry  : Running the evict task with compensationTime 3ms
2018-04-05 17:27:05.021  INFO [naming-server-netflix-eureka,,,] 11547 --- [a-EvictionTimer] c.n.e.registry.AbstractInstanceRegistry  : Running the evict task with compensationTime 5ms
2018-04-05 17:28:05.025  INFO [naming-server-netflix-eureka,,,] 11547 --- [a-EvictionTimer] c.n.e.registry.AbstractInstanceRegistry  : Running the evict task with compensationTime 2ms
2018-04-05 17:29:05.028  INFO [naming-server-netflix-eureka,,,] 11547 --- [a-EvictionTimer] c.n.e.registry.AbstractInstanceRegistry  : Running the evict task with compensationTime 0ms
2018-04-05 17:30:02.739  INFO [naming-server-netflix-eureka,,,] 11547 --- [hresholdUpdater] c.n.e.r.PeerAwareInstanceRegistryImpl    : Current renewal threshold is : 6
2018-04-05 17:30:05.034  INFO [naming-server-netflix-eureka,,,] 11547 --- [a-EvictionTimer] c.n.e.registry.AbstractInstanceRegistry  : Running the evict task with compensationTime 4ms
2018-04-05 17:31:05.041  INFO [naming-server-netflix-eureka,,,] 11547 --- [a-EvictionTimer] c.n.e.registry.AbstractInstanceRegistry  : Running the evict task with compensationTime 5ms
2018-04-05 17:32:05.045  INFO [naming-server-netflix-eureka,,,] 11547 --- [a-EvictionTimer] c.n.e.registry.AbstractInstanceRegistry  : Running the evict task with compensationTime 2ms
2018-04-05 17:33:05.050  INFO [naming-server-netflix-eureka,,,] 11547 --- [a-EvictionTimer] c.n.e.registry.AbstractInstanceRegistry  : Running the evict task with compensationTime 3ms
2018-04-05 17:34:05.054  INFO [naming-server-netflix-eureka,,,] 11547 --- [a-EvictionTimer] c.n.e.registry.AbstractInstanceRegistry  : Running the evict task with compensationTime 2ms
2018-04-05 17:35:05.060  INFO [naming-server-netflix-eureka,,,] 11547 --- [a-EvictionTimer] c.n.e.registry.AbstractInstanceRegistry  : Running the evict task with compensationTime 3ms
2018-04-05 17:36:05.064  INFO [naming-server-netflix-eureka,,,] 11547 --- [a-EvictionTimer] c.n.e.registry.AbstractInstanceRegistry  : Running the evict task with compensationTime 2ms
2018-04-05 17:37:05.067  INFO [naming-server-netflix-eureka,,,] 11547 --- [a-EvictionTimer] c.n.e.registry.AbstractInstanceRegistry  : Running the evict task with compensationTime 1ms
2018-04-05 17:38:05.072  INFO [naming-server-netflix-eureka,,,] 11547 --- [a-EvictionTimer] c.n.e.registry.AbstractInstanceRegistry  : Running the evict task with compensationTime 2ms
2018-04-05 17:39:05.075  INFO [naming-server-netflix-eureka,,,] 11547 --- [a-EvictionTimer] c.n.e.registry.AbstractInstanceRegistry  : Running the evict task with compensationTime 1ms
2018-04-05 17:40:05.081  INFO [naming-server-netflix-eureka,,,] 11547 --- [a-EvictionTimer] c.n.e.registry.AbstractInstanceRegistry  : Running the evict task with compensationTime 3ms
2018-04-05 17:41:05.115  INFO [naming-server-netflix-eureka,,,] 11547 --- [a-EvictionTimer] c.n.e.registry.AbstractInstanceRegistry  : Running the evict task with compensationTime 2ms
2018-04-05 17:42:05.124  INFO [naming-server-netflix-eureka,,,] 11547 --- [a-EvictionTimer] c.n.e.registry.AbstractInstanceRegistry  : Running the evict task with compensationTime 4ms
2018-04-05 17:43:05.127  INFO [naming-server-netflix-eureka,,,] 11547 --- [a-EvictionTimer] c.n.e.registry.AbstractInstanceRegistry  : Running the evict task with compensationTime 0ms
2018-04-05 17:43:33.033  WARN [naming-server-netflix-eureka,f19c9ac46bfe22c6,f19c9ac46bfe22c6,true] 11547 --- [nio-8761-exec-5] c.n.e.registry.AbstractInstanceRegistry  : DS: Registry: cancel failed because Lease is not registered for: CURRENCY-EXCHANGE-SERVICE/10.1.16.123:currency-exchange-service:-1
2018-04-05 17:43:33.037  INFO [naming-server-netflix-eureka,f19c9ac46bfe22c6,f19c9ac46bfe22c6,true] 11547 --- [nio-8761-exec-5] c.n.eureka.resources.InstanceResource    : Not Found (Cancel): CURRENCY-EXCHANGE-SERVICE - 10.1.16.123:currency-exchange-service:-1
2018-04-05 17:44:05.134  INFO [naming-server-netflix-eureka,,,] 11547 --- [a-EvictionTimer] c.n.e.registry.AbstractInstanceRegistry  : Running the evict task with compensationTime 5ms
2018-04-05 17:44:11.743  INFO [naming-server-netflix-eureka,e9a77633fce93542,e9a77633fce93542,true] 11547 --- [nio-8761-exec-9] c.n.e.registry.AbstractInstanceRegistry  : Registered instance CURRENCY-EXCHANGE-SERVICE/10.1.16.123:currency-exchange-service:8000 with status UP (replication=false)
2018-04-05 17:44:12.271  INFO [naming-server-netflix-eureka,d62537e79f71a143,d62537e79f71a143,true] 11547 --- [nio-8761-exec-2] c.n.e.registry.AbstractInstanceRegistry  : Registered instance CURRENCY-EXCHANGE-SERVICE/10.1.16.123:currency-exchange-service:8000 with status UP (replication=true)
2018-04-05 17:45:02.798  INFO [naming-server-netflix-eureka,,,] 11547 --- [hresholdUpdater] c.n.e.r.PeerAwareInstanceRegistryImpl    : Current renewal threshold is : 6
2018-04-05 17:45:05.140  INFO [naming-server-netflix-eureka,,,] 11547 --- [a-EvictionTimer] c.n.e.registry.AbstractInstanceRegistry  : Running the evict task with compensationTime 4ms
2018-04-05 17:46:05.146  INFO [naming-server-netflix-eureka,,,] 11547 --- [a-EvictionTimer] c.n.e.registry.AbstractInstanceRegistry  : Running the evict task with compensationTime 4ms
2018-04-05 17:46:05.619  INFO [naming-server-netflix-eureka,18cedab200a09f90,18cedab200a09f90,true] 11547 --- [nio-8761-exec-3] c.n.e.registry.AbstractInstanceRegistry  : Registered instance CURRENCY-EXCHANGE-SERVICE/10.1.16.123:currency-exchange-service:8000 with status DOWN (replication=false)
2018-04-05 17:46:06.137  INFO [naming-server-netflix-eureka,74708123acfb988d,74708123acfb988d,true] 11547 --- [nio-8761-exec-5] c.n.e.registry.AbstractInstanceRegistry  : Registered instance CURRENCY-EXCHANGE-SERVICE/10.1.16.123:currency-exchange-service:8000 with status DOWN (replication=true)
2018-04-05 17:46:09.134  INFO [naming-server-netflix-eureka,94b0b66e6573eb6a,94b0b66e6573eb6a,true] 11547 --- [io-8761-exec-10] c.n.e.registry.AbstractInstanceRegistry  : Cancelled instance CURRENCY-EXCHANGE-SERVICE/10.1.16.123:currency-exchange-service:8000 (replication=false)
2018-04-05 17:46:09.644  WARN [naming-server-netflix-eureka,b77e36fe224db9f0,b77e36fe224db9f0,true] 11547 --- [nio-8761-exec-2] c.n.e.registry.AbstractInstanceRegistry  : DS: Registry: cancel failed because Lease is not registered for: CURRENCY-EXCHANGE-SERVICE/10.1.16.123:currency-exchange-service:8000
2018-04-05 17:46:09.644  INFO [naming-server-netflix-eureka,b77e36fe224db9f0,b77e36fe224db9f0,true] 11547 --- [nio-8761-exec-2] c.n.eureka.resources.InstanceResource    : Not Found (Cancel): CURRENCY-EXCHANGE-SERVICE - 10.1.16.123:currency-exchange-service:8000
2018-04-05 17:46:09.645  WARN [naming-server-netflix-eureka,,,] 11547 --- [get_localhost-2] c.n.eureka.cluster.ReplicationTask       : The replication of task CURRENCY-EXCHANGE-SERVICE/10.1.16.123:currency-exchange-service:8000:Cancel@localhost failed with response code 404
2018-04-05 17:46:09.646  WARN [naming-server-netflix-eureka,,,] 11547 --- [get_localhost-2] c.netflix.eureka.cluster.PeerEurekaNode  : CURRENCY-EXCHANGE-SERVICE/10.1.16.123:currency-exchange-service:8000:Cancel@localhost: missing entry.
